[0.007s] Invoking command in '/home/dly/chapt4/chapt4_ws/build/chapt4_interfaces': CMAKE_PREFIX_PATH=${CMAKE_PREFIX_PATH}:/home/dly/chapt4/chapt4_ws/install/demo_python_service:/opt/ros/humble /usr/bin/cmake --build /home/dly/chapt4/chapt4_ws/build/chapt4_interfaces -- -j4 -l4
[0.050s] -- Found ament_cmake: 1.3.12 (/opt/ros/humble/share/ament_cmake/cmake)
[0.144s] -- Found sensor_msgs: 4.9.0 (/opt/ros/humble/share/sensor_msgs/cmake)
[0.168s] -- Found rosidl_generator_c: 3.1.8 (/opt/ros/humble/share/rosidl_generator_c/cmake)
[0.170s] -- Found rosidl_adapter: 3.1.8 (/opt/ros/humble/share/rosidl_adapter/cmake)
[0.177s] -- Found rosidl_generator_cpp: 3.1.8 (/opt/ros/humble/share/rosidl_generator_cpp/cmake)
[0.187s] -- Using all available rosidl_typesupport_c: rosidl_typesupport_fastrtps_c;rosidl_typesupport_introspection_c
[0.199s] -- Using all available rosidl_typesupport_cpp: rosidl_typesupport_fastrtps_cpp;rosidl_typesupport_introspection_cpp
[0.244s] -- Found rosidl_default_generators: 1.2.0 (/opt/ros/humble/share/rosidl_default_generators/cmake)
[0.352s] [31mCMake Error at /opt/ros/humble/share/rosidl_adapter/cmake/rosidl_adapt_interfaces.cmake:59 (message):
[0.352s]   execute_process(/usr/bin/python3 -m rosidl_adapter --package-name
[0.352s]   chapt4_interfaces --arguments-file
[0.352s]   /home/dly/chapt4/chapt4_ws/build/chapt4_interfaces/rosidl_adapter__arguments__chapt4_interfaces.json
[0.352s]   --output-dir
[0.352s]   /home/dly/chapt4/chapt4_ws/build/chapt4_interfaces/rosidl_adapter/chapt4_interfaces
[0.352s]   --output-file
[0.352s]   /home/dly/chapt4/chapt4_ws/build/chapt4_interfaces/rosidl_adapter/chapt4_interfaces.idls)
[0.352s]   returned error code 1:
[0.352s] 
[0.352s]   Traceback (most recent call last):
[0.352s] 
[0.352s]     File "/usr/lib/python3.10/runpy.py", line 196, in _run_module_as_main
[0.352s]       return _run_code(code, main_globals, None,
[0.352s]     File "/usr/lib/python3.10/runpy.py", line 86, in _run_code
[0.352s]       exec(code, run_globals)
[0.352s]     File "/opt/ros/humble/local/lib/python3.10/dist-packages/rosidl_adapter/__main__.py", line 19, in <module>
[0.352s]       sys.exit(main())
[0.352s]     File "/opt/ros/humble/local/lib/python3.10/dist-packages/rosidl_adapter/main.py", line 53, in main
[0.352s]       abs_idl_file = convert_to_idl(
[0.352s]     File "/opt/ros/humble/local/lib/python3.10/dist-packages/rosidl_adapter/__init__.py", line 24, in convert_to_idl
[0.352s]       return convert_srv_to_idl(
[0.352s]     File "/opt/ros/humble/local/lib/python3.10/dist-packages/rosidl_adapter/srv/__init__.py", line 28, in convert_srv_to_idl
[0.352s]       srv = parse_service_string(package_name, input_file.stem, content)
[0.352s]     File "/opt/ros/humble/local/lib/python3.10/dist-packages/rosidl_adapter/parser.py", line 850, in parse_service_string
[0.352s]       raise InvalidServiceSpecification(
[0.353s] 
[0.353s]   rosidl_adapter.parser.InvalidServiceSpecification: Could not find separator
[0.353s]   '---' between request and response
[0.353s] 
[0.353s] Call Stack (most recent call first):
[0.353s]   /opt/ros/humble/share/rosidl_cmake/cmake/rosidl_generate_interfaces.cmake:130 (rosidl_adapt_interfaces)
[0.353s]   CMakeLists.txt:13 (rosidl_generate_interfaces)
[0.353s] 
[0.353s] [0m
[0.353s] -- Configuring incomplete, errors occurred!
[0.353s] See also "/home/dly/chapt4/chapt4_ws/build/chapt4_interfaces/CMakeFiles/CMakeOutput.log".
[0.356s] gmake: *** [Makefile:747：cmake_check_build_system] 错误 1
[0.358s] Invoked command in '/home/dly/chapt4/chapt4_ws/build/chapt4_interfaces' returned '2': CMAKE_PREFIX_PATH=${CMAKE_PREFIX_PATH}:/home/dly/chapt4/chapt4_ws/install/demo_python_service:/opt/ros/humble /usr/bin/cmake --build /home/dly/chapt4/chapt4_ws/build/chapt4_interfaces -- -j4 -l4
