[0.576s] Invoking command in '/home/dly/chapt4/chapt4_ws/src/demo_python_service': AMENT_PREFIX_PATH=/home/dly/chapt4/chapt4_ws/install/chapt4_interfaces:${AMENT_PREFIX_PATH} CMAKE_PREFIX_PATH=/home/dly/chapt4/chapt4_ws/install/chapt4_interfaces LD_LIBRARY_PATH=/home/dly/chapt4/chapt4_ws/install/chapt4_interfaces/lib:${LD_LIBRARY_PATH} PYTHONPATH=/home/dly/chapt4/chapt4_ws/build/demo_python_service/prefix_override:/usr/lib/python3/dist-packages/colcon_core/task/python/colcon_distutils_commands:/home/dly/chapt4/chapt4_ws/install/demo_python_service/lib/python3.10/site-packages:/home/dly/chapt4/chapt4_ws/install/chapt4_interfaces/local/lib/python3.10/dist-packages:${PYTHONPATH} /usr/bin/python3 -W ignore:setup.py install is deprecated -W ignore:easy_install command is deprecated setup.py egg_info --egg-base ../../build/demo_python_service build --build-base /home/dly/chapt4/chapt4_ws/build/demo_python_service/build install --record /home/dly/chapt4/chapt4_ws/build/demo_python_service/install.log --single-version-externally-managed install_data
[0.802s] running egg_info
[0.802s] writing ../../build/demo_python_service/demo_python_service.egg-info/PKG-INFO
[0.803s] writing dependency_links to ../../build/demo_python_service/demo_python_service.egg-info/dependency_links.txt
[0.804s] writing entry points to ../../build/demo_python_service/demo_python_service.egg-info/entry_points.txt
[0.804s] writing requirements to ../../build/demo_python_service/demo_python_service.egg-info/requires.txt
[0.804s] writing top-level names to ../../build/demo_python_service/demo_python_service.egg-info/top_level.txt
[0.806s] reading manifest file '../../build/demo_python_service/demo_python_service.egg-info/SOURCES.txt'
[0.807s] adding license file 'LICENSE'
[0.807s] writing manifest file '../../build/demo_python_service/demo_python_service.egg-info/SOURCES.txt'
[0.808s] running build
[0.808s] running build_py
[0.808s] copying demo_python_service/face_detect_client.py -> /home/dly/chapt4/chapt4_ws/build/demo_python_service/build/lib/demo_python_service
[0.808s] running install
[0.809s] running install_lib
[0.810s] copying /home/dly/chapt4/chapt4_ws/build/demo_python_service/build/lib/demo_python_service/face_detect_client.py -> /home/dly/chapt4/chapt4_ws/install/demo_python_service/lib/python3.10/site-packages/demo_python_service
[0.810s] byte-compiling /home/dly/chapt4/chapt4_ws/install/demo_python_service/lib/python3.10/site-packages/demo_python_service/face_detect_client.py to face_detect_client.cpython-310.pyc
[0.812s] running install_data
[0.812s] running install_egg_info
[0.815s] removing '/home/dly/chapt4/chapt4_ws/install/demo_python_service/lib/python3.10/site-packages/demo_python_service-0.0.0-py3.10.egg-info' (and everything under it)
[0.822s] Copying ../../build/demo_python_service/demo_python_service.egg-info to /home/dly/chapt4/chapt4_ws/install/demo_python_service/lib/python3.10/site-packages/demo_python_service-0.0.0-py3.10.egg-info
[0.822s] running install_scripts
[0.837s] Installing face_detect_client script to /home/dly/chapt4/chapt4_ws/install/demo_python_service/lib/demo_python_service
[0.837s] Installing face_detect_node script to /home/dly/chapt4/chapt4_ws/install/demo_python_service/lib/demo_python_service
[0.837s] Installing learn_face_detect script to /home/dly/chapt4/chapt4_ws/install/demo_python_service/lib/demo_python_service
[0.838s] writing list of installed files to '/home/dly/chapt4/chapt4_ws/build/demo_python_service/install.log'
[0.860s] Invoked command in '/home/dly/chapt4/chapt4_ws/src/demo_python_service' returned '0': AMENT_PREFIX_PATH=/home/dly/chapt4/chapt4_ws/install/chapt4_interfaces:${AMENT_PREFIX_PATH} CMAKE_PREFIX_PATH=/home/dly/chapt4/chapt4_ws/install/chapt4_interfaces LD_LIBRARY_PATH=/home/dly/chapt4/chapt4_ws/install/chapt4_interfaces/lib:${LD_LIBRARY_PATH} PYTHONPATH=/home/dly/chapt4/chapt4_ws/build/demo_python_service/prefix_override:/usr/lib/python3/dist-packages/colcon_core/task/python/colcon_distutils_commands:/home/dly/chapt4/chapt4_ws/install/demo_python_service/lib/python3.10/site-packages:/home/dly/chapt4/chapt4_ws/install/chapt4_interfaces/local/lib/python3.10/dist-packages:${PYTHONPATH} /usr/bin/python3 -W ignore:setup.py install is deprecated -W ignore:easy_install command is deprecated setup.py egg_info --egg-base ../../build/demo_python_service build --build-base /home/dly/chapt4/chapt4_ws/build/demo_python_service/build install --record /home/dly/chapt4/chapt4_ws/build/demo_python_service/install.log --single-version-externally-managed install_data
