[0.295s] Invoking command in '/home/dly/chapt4/chapt4_ws/src/demo_python_service': AMENT_PREFIX_PATH=/home/dly/chapt4/chapt4_ws/install/chapt4_interfaces:${AMENT_PREFIX_PATH} CMAKE_PREFIX_PATH=/home/dly/chapt4/chapt4_ws/install/chapt4_interfaces LD_LIBRARY_PATH=/home/dly/chapt4/chapt4_ws/install/chapt4_interfaces/lib:${LD_LIBRARY_PATH} PYTHONPATH=/home/dly/chapt4/chapt4_ws/build/demo_python_service/prefix_override:/usr/lib/python3/dist-packages/colcon_core/task/python/colcon_distutils_commands:/home/dly/chapt4/chapt4_ws/install/demo_python_service/lib/python3.10/site-packages:/home/dly/chapt4/chapt4_ws/install/chapt4_interfaces/local/lib/python3.10/dist-packages:${PYTHONPATH} /usr/bin/python3 -W ignore:setup.py install is deprecated -W ignore:easy_install command is deprecated setup.py egg_info --egg-base ../../build/demo_python_service build --build-base /home/dly/chapt4/chapt4_ws/build/demo_python_service/build install --record /home/dly/chapt4/chapt4_ws/build/demo_python_service/install.log --single-version-externally-managed install_data
[0.403s] running egg_info
[0.403s] creating ../../build/demo_python_service/demo_python_service.egg-info
[0.403s] writing ../../build/demo_python_service/demo_python_service.egg-info/PKG-INFO
[0.404s] writing dependency_links to ../../build/demo_python_service/demo_python_service.egg-info/dependency_links.txt
[0.404s] writing entry points to ../../build/demo_python_service/demo_python_service.egg-info/entry_points.txt
[0.404s] writing requirements to ../../build/demo_python_service/demo_python_service.egg-info/requires.txt
[0.404s] writing top-level names to ../../build/demo_python_service/demo_python_service.egg-info/top_level.txt
[0.404s] writing manifest file '../../build/demo_python_service/demo_python_service.egg-info/SOURCES.txt'
[0.404s] reading manifest file '../../build/demo_python_service/demo_python_service.egg-info/SOURCES.txt'
[0.404s] adding license file 'LICENSE'
[0.404s] writing manifest file '../../build/demo_python_service/demo_python_service.egg-info/SOURCES.txt'
[0.405s] running build
[0.405s] running build_py
[0.405s] creating /home/dly/chapt4/chapt4_ws/build/demo_python_service/build
[0.405s] creating /home/dly/chapt4/chapt4_ws/build/demo_python_service/build/lib
[0.405s] creating /home/dly/chapt4/chapt4_ws/build/demo_python_service/build/lib/demo_python_service
[0.405s] copying demo_python_service/__init__.py -> /home/dly/chapt4/chapt4_ws/build/demo_python_service/build/lib/demo_python_service
[0.405s] running install
[0.405s] running install_lib
[0.405s] creating /home/dly/chapt4/chapt4_ws/install/demo_python_service/lib/python3.10/site-packages/demo_python_service
[0.405s] copying /home/dly/chapt4/chapt4_ws/build/demo_python_service/build/lib/demo_python_service/__init__.py -> /home/dly/chapt4/chapt4_ws/install/demo_python_service/lib/python3.10/site-packages/demo_python_service
[0.405s] byte-compiling /home/dly/chapt4/chapt4_ws/install/demo_python_service/lib/python3.10/site-packages/demo_python_service/__init__.py to __init__.cpython-310.pyc
[0.406s] running install_data
[0.406s] creating /home/dly/chapt4/chapt4_ws/install/demo_python_service/share/ament_index
[0.406s] creating /home/dly/chapt4/chapt4_ws/install/demo_python_service/share/ament_index/resource_index
[0.406s] creating /home/dly/chapt4/chapt4_ws/install/demo_python_service/share/ament_index/resource_index/packages
[0.406s] copying resource/demo_python_service -> /home/dly/chapt4/chapt4_ws/install/demo_python_service/share/ament_index/resource_index/packages
[0.406s] copying package.xml -> /home/dly/chapt4/chapt4_ws/install/demo_python_service/share/demo_python_service
[0.406s] creating /home/dly/chapt4/chapt4_ws/install/demo_python_service/share/demo_python_service/resource
[0.406s] copying resource/ros2_test_image.png -> /home/dly/chapt4/chapt4_ws/install/demo_python_service/share/demo_python_service/resource
[0.406s] running install_egg_info
[0.407s] Copying ../../build/demo_python_service/demo_python_service.egg-info to /home/dly/chapt4/chapt4_ws/install/demo_python_service/lib/python3.10/site-packages/demo_python_service-0.0.0-py3.10.egg-info
[0.407s] running install_scripts
[0.421s] writing list of installed files to '/home/dly/chapt4/chapt4_ws/build/demo_python_service/install.log'
[0.429s] Invoked command in '/home/dly/chapt4/chapt4_ws/src/demo_python_service' returned '0': AMENT_PREFIX_PATH=/home/dly/chapt4/chapt4_ws/install/chapt4_interfaces:${AMENT_PREFIX_PATH} CMAKE_PREFIX_PATH=/home/dly/chapt4/chapt4_ws/install/chapt4_interfaces LD_LIBRARY_PATH=/home/dly/chapt4/chapt4_ws/install/chapt4_interfaces/lib:${LD_LIBRARY_PATH} PYTHONPATH=/home/dly/chapt4/chapt4_ws/build/demo_python_service/prefix_override:/usr/lib/python3/dist-packages/colcon_core/task/python/colcon_distutils_commands:/home/dly/chapt4/chapt4_ws/install/demo_python_service/lib/python3.10/site-packages:/home/dly/chapt4/chapt4_ws/install/chapt4_interfaces/local/lib/python3.10/dist-packages:${PYTHONPATH} /usr/bin/python3 -W ignore:setup.py install is deprecated -W ignore:easy_install command is deprecated setup.py egg_info --egg-base ../../build/demo_python_service build --build-base /home/dly/chapt4/chapt4_ws/build/demo_python_service/build install --record /home/dly/chapt4/chapt4_ws/build/demo_python_service/install.log --single-version-externally-managed install_data
